Determining if the pthread_create exist failed with the following output:
Change Dir: /home/workspace/Project1/build/CMakeFiles/CMakeTmp

Run Build Command:"/usr/bin/make" "cmTC_0928c/fast"
/usr/bin/make -f CMakeFiles/cmTC_0928c.dir/build.make CMakeFiles/cmTC_0928c.dir/build
make[1]: Entering directory '/home/workspace/Project1/build/CMakeFiles/CMakeTmp'
Building C object CMakeFiles/cmTC_0928c.dir/CheckSymbolExists.c.o
/usr/bin/cc     -o CMakeFiles/cmTC_0928c.dir/CheckSymbolExists.c.o   -c /home/workspace/Project1/build/CMakeFiles/CMakeTmp/CheckSymbolExists.c
Linking C executable cmTC_0928c
/usr/bin/cmake -E cmake_link_script CMakeFiles/cmTC_0928c.dir/link.txt --verbose=1
/usr/bin/cc       CMakeFiles/cmTC_0928c.dir/CheckSymbolExists.c.o  -o cmTC_0928c -rdynamic 
CMakeFiles/cmTC_0928c.dir/CheckSymbolExists.c.o: In function `main':
CheckSymbolExists.c:(.text+0x16): undefined reference to `pthread_create'
collect2: error: ld returned 1 exit status
CMakeFiles/cmTC_0928c.dir/build.make:97: recipe for target 'cmTC_0928c' failed
make[1]: *** [cmTC_0928c] Error 1
make[1]: Leaving directory '/home/workspace/Project1/build/CMakeFiles/CMakeTmp'
Makefile:126: recipe for target 'cmTC_0928c/fast' failed
make: *** [cmTC_0928c/fast] Error 2

File /home/workspace/Project1/build/CMakeFiles/CMakeTmp/CheckSymbolExists.c:
/* */
#include <pthread.h>

int main(int argc, char** argv)
{
  (void)argv;
#ifndef pthread_create
  return ((int*)(&pthread_create))[argc];
#else
  (void)argc;
  return 0;
#endif
}

Determining if the function pthread_create exists in the pthreads failed with the following output:
Change Dir: /home/workspace/Project1/build/CMakeFiles/CMakeTmp

Run Build Command:"/usr/bin/make" "cmTC_afbac/fast"
/usr/bin/make -f CMakeFiles/cmTC_afbac.dir/build.make CMakeFiles/cmTC_afbac.dir/build
make[1]: Entering directory '/home/workspace/Project1/build/CMakeFiles/CMakeTmp'
Building C object CMakeFiles/cmTC_afbac.dir/CheckFunctionExists.c.o
/usr/bin/cc    -DCHECK_FUNCTION_EXISTS=pthread_create   -o CMakeFiles/cmTC_afbac.dir/CheckFunctionExists.c.o   -c /usr/share/cmake-3.5/Modules/CheckFunctionExists.c
Linking C executable cmTC_afbac
/usr/bin/cmake -E cmake_link_script CMakeFiles/cmTC_afbac.dir/link.txt --verbose=1
/usr/bin/cc   -DCHECK_FUNCTION_EXISTS=pthread_create    CMakeFiles/cmTC_afbac.dir/CheckFunctionExists.c.o  -o cmTC_afbac -rdynamic -lpthreads 
/usr/bin/ld: cannot find -lpthreads
collect2: error: ld returned 1 exit status
CMakeFiles/cmTC_afbac.dir/build.make:97: recipe for target 'cmTC_afbac' failed
make[1]: *** [cmTC_afbac] Error 1
make[1]: Leaving directory '/home/workspace/Project1/build/CMakeFiles/CMakeTmp'
Makefile:126: recipe for target 'cmTC_afbac/fast' failed
make: *** [cmTC_afbac/fast] Error 2


